Using pre-set license
Built from '2020.2/release' branch; Version is '2020.2.1f1 (270dd8c3da1c) revision 2559448'; Using compiler version '192528614'; Build Type 'Release'
OS: 'Windows 10  (10.0.0) 64bit' Language: 'en' Physical Memory: 16233 MB
BatchMode: 1, IsHumanControllingUs: 0, StartBugReporterOnCrash: 0, Is64bit: 1, IsPro: 0

 COMMAND LINE ARGUMENTS:
C:\Program Files\Unity\Hub\Editor\2020.2.1f1\Editor\Unity.exe
-adb2
-batchMode
-noUpm
-name
AssetImportWorker0
-projectPath
C:/Users/katie/Documents/GitHub/Serpens-main 2/Serpens-main/Serpens_Game
-logFile
Logs/AssetImportWorker0.log
-srvPort
55072
Successfully changed project path to: C:/Users/katie/Documents/GitHub/Serpens-main 2/Serpens-main/Serpens_Game
C:/Users/katie/Documents/GitHub/Serpens-main 2/Serpens-main/Serpens_Game
Using Asset Import Pipeline V2.
Refreshing native plugins compatible for Editor in 21.44 ms, found 0 plugins.
Preloading 0 native plugins for Editor in 0.00 ms.
Initialize engine version: 2020.2.1f1 (270dd8c3da1c)
[Subsystems] Discovering subsystems at path C:/Program Files/Unity/Hub/Editor/2020.2.1f1/Editor/Data/Resources/UnitySubsystems
[Subsystems] Discovering subsystems at path C:/Users/katie/Documents/GitHub/Serpens-main 2/Serpens-main/Serpens_Game/Assets
GfxDevice: creating device client; threaded=0
Direct3D:
    Version:  Direct3D 11.0 [level 11.1]
    Renderer: NVIDIA GeForce GTX 1660 Ti (ID=0x2191)
    Vendor:   
    VRAM:     5991 MB
    Driver:   27.21.14.5763
Initialize mono
Mono path[0] = 'C:/Program Files/Unity/Hub/Editor/2020.2.1f1/Editor/Data/Managed'
Mono path[1] = 'C:/Program Files/Unity/Hub/Editor/2020.2.1f1/Editor/Data/MonoBleedingEdge/lib/mono/unityjit'
Mono config path = 'C:/Program Files/Unity/Hub/Editor/2020.2.1f1/Editor/Data/MonoBleedingEdge/etc'
Using monoOptions --debugger-agent=transport=dt_socket,embedding=1,server=y,suspend=n,address=127.0.0.1:56100
Begin MonoManager ReloadAssembly
Registering precompiled unity dll's ...
Register platform support module: C:/Program Files/Unity/Hub/Editor/2020.2.1f1/Editor/Data/PlaybackEngines/WebGLSupport/UnityEditor.WebGL.Extensions.dll
Register platform support module: C:/Program Files/Unity/Hub/Editor/2020.2.1f1/Editor/Data/PlaybackEngines/WindowsStandaloneSupport/UnityEditor.WindowsStandalone.Extensions.dll
Registered in 0.002256 seconds.
Native extension for WindowsStandalone target not found
Native extension for WebGL target not found
Refreshing native plugins compatible for Editor in 21.62 ms, found 0 plugins.
Preloading 0 native plugins for Editor in 0.00 ms.
Invoked RoslynAnalysisRunner static constructor.
RoslynAnalysisRunner will not be running.
RoslynAnalysisRunner has terminated.
Mono: successfully reloaded assembly
- Completed reload, in  1.146 seconds
Platform modules already initialized, skipping
Registering precompiled user dll's ...
Registered in 0.000700 seconds.
Begin MonoManager ReloadAssembly
Native extension for WindowsStandalone target not found
Native extension for WebGL target not found
Refreshing native plugins compatible for Editor in 0.21 ms, found 0 plugins.
Preloading 0 native plugins for Editor in 0.00 ms.
Invoked RoslynAnalysisRunner static constructor.
RoslynAnalysisRunner will not be running.
RoslynAnalysisRunner has terminated.
Mono: successfully reloaded assembly
- Completed reload, in  0.859 seconds
Platform modules already initialized, skipping
========================================================================
Worker process is ready to serve import requests
Launched and connected shader compiler UnityShaderCompiler.exe after 0.04 seconds
Refreshing native plugins compatible for Editor in 0.20 ms, found 0 plugins.
Preloading 0 native plugins for Editor in 0.00 ms.
Unloading 1115 Unused Serialized files (Serialized files now loaded: 0)
System memory in use before: 60.0 MB.
System memory in use after: 60.0 MB.

Unloading 9 unused Assets to reduce memory usage. Loaded Objects now: 1559.
Total: 1.825800 ms (FindLiveObjects: 0.167400 ms CreateObjectMapping: 0.066100 ms MarkObjects: 1.530300 ms  DeleteObjects: 0.060600 ms)

========================================================================
Received Import Request.
  path: Assets/Scripts
  artifactKey: Guid(8da52e6643200754da3795153884b33e) Importer(815301076,1909f56bfc062723c751e8b465ee728b)
Start importing Assets/Scripts using Guid(8da52e6643200754da3795153884b33e) Importer(815301076,1909f56bfc062723c751e8b465ee728b)  -> (artifact id: '196273b3ac2295f4d944ff1106abe82c') in 0.011078 seconds
  Import took 0.012934 seconds .

========================================================================
Received Import Request.
  Time since last request: 0.000654 seconds.
  path: Assets/Sprites
  artifactKey: Guid(1b2c9d2b494436a4b9ce4c6ba6ce5b0d) Importer(815301076,1909f56bfc062723c751e8b465ee728b)
Start importing Assets/Sprites using Guid(1b2c9d2b494436a4b9ce4c6ba6ce5b0d) Importer(815301076,1909f56bfc062723c751e8b465ee728b)  -> (artifact id: 'c4614edb6acc641b6478a694e0de9ea2') in 0.008918 seconds
  Import took 0.012198 seconds .

========================================================================
Received Import Request.
  Time since last request: 0.000218 seconds.
  path: Assets/Sprites/Win Window.png
  artifactKey: Guid(a1447489d328e5044bd6eb4daab7a35f) Importer(815301076,1909f56bfc062723c751e8b465ee728b)
Start importing Assets/Sprites/Win Window.png using Guid(a1447489d328e5044bd6eb4daab7a35f) Importer(815301076,1909f56bfc062723c751e8b465ee728b)  -> (artifact id: '85da4941796b8cda87c9eeaf62130dd2') in 0.130321 seconds
  Import took 0.132043 seconds .

========================================================================
Received Prepare
Refreshing native plugins compatible for Editor in 0.69 ms, found 0 plugins.
Preloading 0 native plugins for Editor in 0.00 ms.
Unloading 2 Unused Serialized files (Serialized files now loaded: 0)
System memory in use before: 37.2 MB.
System memory in use after: 37.3 MB.

Unloading 2 unused Assets to reduce memory usage. Loaded Objects now: 1561.
Total: 2.060300 ms (FindLiveObjects: 0.213300 ms CreateObjectMapping: 0.066500 ms MarkObjects: 1.767100 ms  DeleteObjects: 0.012100 ms)

========================================================================
Received Import Request.
  Time since last request: 69.671395 seconds.
  path: Assets/Sprites/You lose screen.png
  artifactKey: Guid(afef44dea9499554996e39f5eed70b21) Importer(815301076,1909f56bfc062723c751e8b465ee728b)
Start importing Assets/Sprites/You lose screen.png using Guid(afef44dea9499554996e39f5eed70b21) Importer(815301076,1909f56bfc062723c751e8b465ee728b)  -> (artifact id: '4066920dbbefc3dbfe2c748cd0523236') in 0.059961 seconds
  Import took 0.062009 seconds .

========================================================================
Received Import Request.
  Time since last request: 0.000318 seconds.
  path: Assets/Sprites/You won screen.png
  artifactKey: Guid(f0b8f753312fd57408ac3b1fa35d0562) Importer(815301076,1909f56bfc062723c751e8b465ee728b)
Start importing Assets/Sprites/You won screen.png using Guid(f0b8f753312fd57408ac3b1fa35d0562) Importer(815301076,1909f56bfc062723c751e8b465ee728b)  -> (artifact id: '145ed776c2a27a2b39007fd188e69f2c') in 0.021986 seconds
  Import took 0.024420 seconds .

========================================================================
Received Import Request.
  Time since last request: 464.872956 seconds.
  path: Assets/Sounds
  artifactKey: Guid(a8fee2025a94e1448922b9d6c92bb240) Importer(815301076,1909f56bfc062723c751e8b465ee728b)
Start importing Assets/Sounds using Guid(a8fee2025a94e1448922b9d6c92bb240) Importer(815301076,1909f56bfc062723c751e8b465ee728b)  -> (artifact id: '54d9e25d2999a44822032e85b554cf3c') in 0.009782 seconds
  Import took 0.012169 seconds .

========================================================================
Received Import Request.
  Time since last request: 0.041649 seconds.
  path: Assets/Sounds/In the House of the Inventor- Steampunk Orchestral Music.mp3
  artifactKey: Guid(834c20ce27384f644a8c56fe7942beea) Importer(815301076,1909f56bfc062723c751e8b465ee728b)
Start importing Assets/Sounds/In the House of the Inventor- Steampunk Orchestral Music.mp3 using Guid(834c20ce27384f644a8c56fe7942beea) Importer(815301076,1909f56bfc062723c751e8b465ee728b)  -> (artifact id: '274393030dc9d0da101850fc0194afc2') in 0.059853 seconds
  Import took 0.061854 seconds .

========================================================================
Received Import Request.
  Time since last request: 0.000299 seconds.
  path: Assets/Sounds/Victory Sound Effect Free.mp3
  artifactKey: Guid(c16197db1d8fff845b21c004a2a32636) Importer(815301076,1909f56bfc062723c751e8b465ee728b)
Start importing Assets/Sounds/Victory Sound Effect Free.mp3 using Guid(c16197db1d8fff845b21c004a2a32636) Importer(815301076,1909f56bfc062723c751e8b465ee728b)  -> (artifact id: 'c4808b8ad3adf35743b9ef0aea104eb9') in 0.019897 seconds
  Import took 0.021546 seconds .

========================================================================
Received Import Request.
  Time since last request: 40.779155 seconds.
  path: Assets/Scripts/GameController.cs
  artifactKey: Guid(ad077926021aa4a4ab7df6e34353f7e5) Importer(815301076,1909f56bfc062723c751e8b465ee728b)
Start importing Assets/Scripts/GameController.cs using Guid(ad077926021aa4a4ab7df6e34353f7e5) Importer(815301076,1909f56bfc062723c751e8b465ee728b)  -> (artifact id: 'f14d51a77455dadcaeacaa5522ab2184') in 0.016198 seconds
  Import took 0.018183 seconds .

========================================================================
Received Import Request.
  Time since last request: 43.914363 seconds.
  path: Assets/Scripts/GameController.cs
  artifactKey: Guid(ad077926021aa4a4ab7df6e34353f7e5) Importer(815301076,1909f56bfc062723c751e8b465ee728b)
Start importing Assets/Scripts/GameController.cs using Guid(ad077926021aa4a4ab7df6e34353f7e5) Importer(815301076,1909f56bfc062723c751e8b465ee728b)  -> (artifact id: 'a604ca37a916bb6da744add984b2247b') in 0.003574 seconds
  Import took 0.005950 seconds .

========================================================================
Received Prepare
Registering precompiled user dll's ...
Registered in 0.000655 seconds.
Begin MonoManager ReloadAssembly
Native extension for WindowsStandalone target not found
Native extension for WebGL target not found
Refreshing native plugins compatible for Editor in 0.21 ms, found 0 plugins.
Preloading 0 native plugins for Editor in 0.00 ms.
Invoked RoslynAnalysisRunner static constructor.
RoslynAnalysisRunner will not be running.
RoslynAnalysisRunner has terminated.
Mono: successfully reloaded assembly
- Completed reload, in  0.744 seconds
Platform modules already initialized, skipping
Refreshing native plugins compatible for Editor in 0.20 ms, found 0 plugins.
Preloading 0 native plugins for Editor in 0.00 ms.
Unloading 1096 Unused Serialized files (Serialized files now loaded: 0)
System memory in use before: 63.1 MB.
System memory in use after: 63.2 MB.

Unloading 4 unused Assets to reduce memory usage. Loaded Objects now: 1573.
Total: 1.772100 ms (FindLiveObjects: 0.127100 ms CreateObjectMapping: 0.031900 ms MarkObjects: 1.597400 ms  DeleteObjects: 0.014400 ms)

========================================================================
Received Prepare
Registering precompiled user dll's ...
Registered in 0.000792 seconds.
Begin MonoManager ReloadAssembly
Native extension for WindowsStandalone target not found
Native extension for WebGL target not found
Refreshing native plugins compatible for Editor in 0.37 ms, found 0 plugins.
Preloading 0 native plugins for Editor in 0.00 ms.
Invoked RoslynAnalysisRunner static constructor.
RoslynAnalysisRunner will not be running.
RoslynAnalysisRunner has terminated.
Mono: successfully reloaded assembly
- Completed reload, in  0.854 seconds
Platform modules already initialized, skipping
Refreshing native plugins compatible for Editor in 0.19 ms, found 0 plugins.
Preloading 0 native plugins for Editor in 0.00 ms.
Unloading 1096 Unused Serialized files (Serialized files now loaded: 0)
System memory in use before: 63.2 MB.
System memory in use after: 63.3 MB.

Unloading 4 unused Assets to reduce memory usage. Loaded Objects now: 1575.
Total: 1.931600 ms (FindLiveObjects: 0.258600 ms CreateObjectMapping: 0.153900 ms MarkObjects: 1.501400 ms  DeleteObjects: 0.016400 ms)

AssetImportWorkerClient::OnTransportError - code=2 error=End of file
